SF:lib/core/utils/date_utils.dart
DA:4,3
DA:6,3
DA:7,3
DA:8,2
DA:9,4
DA:10,2
DA:11,4
DA:12,4
DA:13,2
DA:14,8
DA:15,8
DA:16,0
DA:17,0
DA:21,1
DA:22,3
DA:23,4
DA:24,1
DA:25,1
DA:27,1
DA:28,4
DA:30,2
DA:31,3
LF:22
LH:20
end_of_record
SF:lib/features/home/presentation/widgets/calendar_grid.dart
DA:19,2
DA:26,2
DA:27,2
DA:33,2
DA:34,8
DA:35,6
DA:38,2
DA:40,2
DA:41,6
DA:42,2
DA:46,2
DA:47,2
DA:48,8
DA:49,6
DA:50,4
DA:51,12
DA:55,2
DA:57,4
DA:58,2
DA:61,2
DA:63,6
DA:64,0
DA:67,10
DA:68,6
DA:70,2
DA:71,2
DA:73,2
DA:74,2
DA:76,6
DA:77,2
DA:81,2
DA:82,2
DA:83,2
DA:84,2
DA:86,2
DA:87,2
DA:88,2
DA:90,2
DA:91,2
DA:92,4
DA:93,2
DA:94,2
DA:98,2
DA:103,2
DA:105,2
DA:115,2
DA:116,4
DA:117,4
DA:118,2
DA:121,2
DA:122,2
DA:123,4
DA:124,4
DA:127,2
DA:128,2
DA:129,2
DA:130,6
DA:131,2
DA:134,4
DA:138,2
DA:140,2
DA:141,2
DA:142,4
DA:143,2
DA:146,4
DA:155,2
DA:156,4
DA:157,2
DA:159,2
DA:160,4
DA:161,2
DA:162,4
DA:164,2
DA:165,4
DA:166,2
DA:168,2
DA:170,2
DA:172,2
DA:175,4
DA:185,2
DA:186,2
DA:187,2
DA:188,5
DA:189,4
DA:195,4
DA:197,4
DA:198,2
DA:200,1
DA:204,1
DA:205,1
DA:206,3
DA:207,1
DA:209,1
DA:210,1
DA:211,2
DA:213,1
DA:222,1
DA:223,2
DA:235,0
DA:236,0
DA:237,0
DA:239,0
DA:240,0
DA:242,0
DA:243,0
DA:244,0
DA:245,0
DA:247,0
DA:249,0
DA:252,0
DA:257,0
DA:259,0
DA:260,0
DA:265,0
DA:266,0
DA:267,0
DA:268,0
DA:269,0
DA:271,0
DA:272,0
DA:273,0
DA:274,0
DA:276,0
DA:278,0
DA:279,0
DA:281,0
DA:282,0
DA:283,0
DA:287,0
DA:288,0
DA:308,2
DA:314,2
DA:316,2
DA:317,4
DA:318,2
DA:320,2
DA:321,6
DA:322,2
DA:324,4
DA:325,4
DA:328,4
DA:329,2
DA:330,8
DA:332,2
DA:333,4
DA:334,4
DA:335,8
DA:341,6
DA:342,6
DA:343,2
DA:344,8
DA:348,0
DA:350,0
DA:351,0
DA:352,0
LF:155
LH:118
end_of_record
SF:lib/features/home/domain/bloc/todo_bloc.dart
DA:21,12
DA:22,0
DA:23,0
DA:30,2
DA:31,1
DA:32,2
DA:37,8
DA:38,0
DA:39,0
DA:44,5
DA:45,1
DA:46,1
DA:61,5
DA:70,1
DA:71,7
DA:76,0
DA:77,0
DA:78,0
DA:86,2
DA:89,4
DA:90,4
DA:91,4
DA:92,4
DA:95,2
DA:96,4
DA:98,2
DA:99,4
DA:100,4
DA:101,4
DA:104,2
DA:106,2
DA:107,2
DA:108,2
DA:110,4
DA:111,0
DA:114,4
DA:115,0
DA:118,2
DA:119,2
DA:121,2
DA:122,2
DA:128,0
DA:131,0
DA:135,0
DA:136,0
DA:137,0
DA:138,0
DA:139,0
DA:140,0
DA:141,0
DA:142,0
DA:143,0
DA:144,0
DA:145,0
DA:150,1
DA:151,2
DA:152,1
DA:153,4
DA:154,2
DA:155,1
DA:156,1
DA:157,1
DA:158,1
DA:159,1
DA:160,1
DA:165,2
DA:166,2
DA:167,8
DA:170,2
DA:173,2
DA:174,4
DA:177,0
DA:178,0
DA:179,0
DA:180,0
DA:181,0
DA:182,0
DA:183,0
DA:186,0
DA:187,0
DA:188,0
DA:189,0
DA:190,0
DA:191,0
DA:192,0
DA:195,0
DA:196,0
DA:197,0
DA:198,0
DA:199,0
DA:200,0
DA:201,0
DA:204,0
DA:205,0
DA:206,0
DA:207,0
DA:208,0
DA:209,0
DA:212,0
DA:213,0
DA:219,1
DA:220,1
DA:222,0
DA:223,1
DA:228,2
DA:229,0
DA:230,0
DA:233,0
DA:234,0
DA:237,2
DA:239,4
DA:240,4
DA:242,2
LF:113
LH:57
end_of_record
SF:lib/features/home/presentation/widgets/side_panel.dart
DA:9,3
DA:11,2
DA:13,2
DA:14,2
DA:15,2
DA:17,2
DA:18,2
DA:20,2
DA:21,4
DA:23,2
DA:25,2
DA:27,2
DA:28,4
DA:35,2
DA:36,0
DA:38,0
DA:39,0
DA:40,0
DA:43,2
DA:44,2
DA:45,2
DA:46,5
DA:47,1
DA:49,1
DA:50,2
DA:51,1
DA:54,3
DA:58,5
DA:59,1
DA:61,7
DA:65,2
DA:66,2
DA:68,6
DA:69,0
DA:70,0
DA:71,0
DA:77,1
DA:78,0
DA:86,2
DA:87,2
DA:89,2
DA:90,4
DA:91,2
DA:92,2
DA:95,8
DA:96,2
DA:97,2
DA:98,2
DA:100,6
DA:103,1
DA:104,3
DA:107,2
DA:112,2
DA:113,2
DA:116,10
DA:117,8
DA:119,2
DA:120,4
DA:122,2
DA:123,2
DA:124,0
DA:126,0
DA:128,0
DA:130,0
DA:131,0
DA:132,0
DA:135,2
DA:136,0
DA:138,0
DA:140,0
DA:142,0
DA:143,0
DA:144,0
DA:151,2
DA:152,2
DA:154,4
DA:155,4
DA:156,4
DA:157,4
DA:158,4
DA:159,4
LF:81
LH:61
end_of_record
SF:lib/core/plugins/plugin_registry.dart
DA:19,2
DA:28,6
DA:29,2
DA:32,2
DA:33,3
DA:35,2
DA:38,2
DA:39,3
DA:41,2
DA:44,2
DA:45,3
DA:47,2
DA:50,2
DA:51,3
DA:55,1
DA:57,5
LF:16
LH:16
end_of_record
SF:lib/features/sync/data/models/tag.dart
DA:29,0
LF:1
LH:0
end_of_record
SF:lib/features/sync/data/repositories/todo_repository.dart
DA:8,0
DA:10,0
DA:11,0
DA:14,0
DA:15,0
DA:18,0
DA:19,0
DA:20,0
DA:21,0
DA:22,0
DA:25,0
DA:26,0
DA:28,0
DA:31,0
DA:34,0
DA:35,0
DA:42,0
DA:43,0
DA:44,0
DA:54,0
DA:55,0
DA:56,0
DA:58,0
DA:59,0
DA:63,0
DA:66,0
DA:69,0
DA:71,0
DA:74,0
DA:77,0
DA:78,0
DA:85,0
DA:86,0
DA:87,0
DA:95,0
DA:96,0
DA:97,0
DA:98,0
DA:99,0
DA:101,0
DA:105,0
DA:106,0
DA:109,0
DA:110,0
DA:113,0
DA:114,0
LF:46
LH:0
end_of_record
SF:lib/features/sync/data/repositories/tag_repository.dart
DA:7,0
DA:9,0
DA:10,0
DA:13,0
DA:14,0
DA:17,0
DA:18,0
DA:19,0
DA:23,0
DA:24,0
DA:25,0
LF:11
LH:0
end_of_record
SF:lib/features/settings/presentation/pages/account_settings_page.dart
DA:8,8
DA:10,1
DA:12,1
DA:13,4
DA:14,1
DA:15,1
DA:16,3
DA:18,1
DA:19,1
DA:20,1
DA:22,1
DA:23,1
DA:24,1
DA:25,3
DA:26,4
DA:29,1
DA:30,0
DA:39,1
DA:40,1
DA:42,1
DA:44,4
DA:45,3
DA:52,1
DA:53,1
DA:54,2
DA:58,2
DA:60,1
DA:61,2
DA:62,1
DA:63,1
DA:64,1
DA:65,0
DA:66,2
DA:68,1
DA:69,0
DA:70,0
DA:71,0
DA:73,1
DA:74,0
DA:75,2
DA:80,0
DA:81,0
DA:82,0
DA:84,0
DA:85,0
DA:86,0
DA:88,0
DA:89,0
DA:90,0
DA:92,0
DA:98,0
DA:99,0
DA:100,0
DA:103,0
DA:104,0
DA:105,0
DA:106,0
DA:108,0
LF:58
LH:34
end_of_record
SF:lib/features/home/presentation/widgets/todo_list_item.dart
DA:9,2
DA:16,2
DA:17,2
DA:23,1
DA:24,2
DA:25,2
DA:29,0
DA:30,0
DA:32,0
DA:33,0
DA:34,0
DA:35,0
DA:41,2
DA:43,2
DA:44,0
DA:45,2
DA:46,0
DA:47,2
DA:48,2
DA:49,0
DA:50,0
DA:54,2
DA:57,6
DA:58,10
DA:59,2
DA:61,2
DA:63,2
DA:65,2
DA:66,2
DA:67,2
DA:68,2
DA:69,2
DA:70,2
DA:72,2
DA:74,8
DA:76,2
DA:77,2
DA:78,2
DA:79,8
DA:84,2
DA:85,2
DA:86,2
DA:89,1
DA:90,1
DA:97,2
DA:100,8
DA:103,2
DA:104,2
DA:106,2
DA:107,2
DA:108,6
DA:109,2
DA:110,6
DA:115,8
DA:117,0
DA:119,0
DA:120,0
DA:121,0
DA:122,0
DA:124,0
DA:125,0
DA:126,0
DA:128,0
DA:137,8
DA:138,1
DA:147,2
DA:148,1
DA:149,2
DA:151,2
DA:152,3
LF:70
LH:51
end_of_record
SF:lib/features/settings/domain/bloc/settings_bloc.dart
DA:10,3
DA:16,1
DA:17,4
DA:22,3
DA:23,0
DA:24,0
DA:31,1
DA:32,0
DA:33,0
DA:38,0
DA:39,0
DA:40,0
DA:45,3
DA:46,1
DA:47,1
DA:57,3
DA:59,1
DA:60,2
DA:65,0
DA:66,0
DA:67,0
DA:72,6
DA:73,4
DA:74,4
DA:76,2
DA:79,6
DA:80,4
DA:81,2
DA:83,4
DA:86,3
DA:87,2
DA:88,2
DA:89,2
DA:90,3
DA:91,2
DA:94,1
DA:95,2
DA:99,2
DA:100,0
DA:101,0
DA:102,0
DA:103,0
DA:104,0
DA:107,0
DA:108,0
LF:45
LH:28
end_of_record
SF:lib/shared/layouts/split_pane_layout.dart
DA:8,2
DA:12,1
DA:14,2
DA:15,2
DA:21,1
DA:22,2
DA:23,2
DA:27,2
DA:29,2
DA:30,2
DA:31,2
DA:33,2
DA:36,2
DA:37,2
DA:38,4
DA:43,2
DA:45,2
DA:46,2
DA:47,2
DA:49,2
DA:50,2
DA:51,2
DA:52,4
DA:57,2
DA:58,2
DA:59,2
DA:61,6
DA:69,2
DA:70,4
LF:29
LH:29
end_of_record
SF:lib/features/home/presentation/pages/home_page.dart
DA:14,1
DA:16,1
DA:18,1
DA:19,1
DA:20,1
DA:21,2
DA:22,1
DA:23,1
DA:24,2
DA:26,1
DA:27,2
DA:30,1
DA:31,1
DA:32,3
DA:35,1
DA:36,1
DA:37,1
DA:38,1
DA:39,1
DA:40,1
DA:41,1
DA:42,3
DA:43,1
DA:44,1
DA:45,1
DA:57,1
DA:58,1
DA:59,1
DA:61,1
DA:62,3
DA:63,4
DA:65,1
DA:70,1
DA:71,1
DA:73,1
DA:74,1
DA:75,3
DA:79,1
DA:81,0
DA:83,1
DA:84,0
DA:85,2
DA:87,1
DA:89,0
DA:93,1
DA:95,1
DA:96,3
DA:97,3
DA:98,3
DA:99,3
DA:100,3
DA:102,1
DA:103,0
DA:104,0
LF:54
LH:49
end_of_record
SF:lib/features/home/domain/bloc/calendar_bloc.dart
DA:7,3
DA:9,0
DA:10,0
DA:15,1
DA:17,0
DA:18,0
DA:23,0
DA:25,0
DA:26,0
DA:31,3
DA:33,0
DA:34,0
DA:38,2
DA:46,2
DA:51,4
DA:53,2
DA:56,1
DA:60,1
DA:61,1
DA:62,1
DA:66,1
DA:67,3
DA:72,6
DA:73,3
DA:74,4
DA:77,2
DA:78,0
DA:81,3
DA:82,3
DA:83,5
DA:87,2
DA:88,0
LF:32
LH:21
end_of_record
